<?xml version="1.0" encoding="UTF-8"?>
<!-- Generated by org.testng.reporters.JUnitReportReporter -->
<testsuite hostname="Arpits-MacBook-Air-3.local" failures="0" tests="1" name="Test_Scripts.Homepage_Test" time="0.018" errors="0" timestamp="03 May 2020 15:41:30 GMT" skipped="0">
  <testcase classname="Test_Scripts.Homepage_Test" name="getTitle" time="0.018"/>
</testsuite> <!-- Test_Scripts.Homepage_Test -->
