<?xml version="1.0" encoding="UTF-8"?>
<!-- Generated by org.testng.reporters.JUnitReportReporter -->
<testsuite hostname="Arpits-MacBook-Air-3.local" failures="0" tests="4" name="Test_Scripts.Homepage_Test" time="24.445" errors="0" timestamp="21 Apr 2020 07:58:18 GMT" skipped="0">
  <testcase classname="Test_Scripts.Homepage_Test" name="hoverMarketActivity" time="12.195"/>
  <testcase classname="Test_Scripts.Homepage_Test" name="getTitle" time="0.025"/>
  <testcase classname="Test_Scripts.Homepage_Test" name="acceptcookie" time="1.231"/>
  <testcase classname="Test_Scripts.Homepage_Test" name="getLogin" time="10.994"/>
</testsuite> <!-- Test_Scripts.Homepage_Test -->
