<?xml version="1.0" encoding="UTF-8"?>
<!-- Generated by org.testng.reporters.JUnitReportReporter -->
<testsuite hostname="Arpits-MacBook-Air-3.local" failures="0" tests="4" name="Test_Scripts.Homepage_Test" time="21.643" errors="0" timestamp="21 Apr 2020 09:51:21 GMT" skipped="0">
  <testcase classname="Test_Scripts.Homepage_Test" name="getTitle" time="0.019"/>
  <testcase classname="Test_Scripts.Homepage_Test" name="hoverMarketActivity" time="15.955"/>
  <testcase classname="Test_Scripts.Homepage_Test" name="acceptcookie" time="0.268"/>
  <testcase classname="Test_Scripts.Homepage_Test" name="getLogin" time="5.401"/>
</testsuite> <!-- Test_Scripts.Homepage_Test -->
