<?xml version="1.0" encoding="UTF-8"?>
<!-- Generated by org.testng.reporters.JUnitReportReporter -->
<testsuite hostname="Arpits-MacBook-Air-3.local" failures="0" tests="4" name="Test_Scripts.Homepage_Test" time="21.466" errors="0" timestamp="03 May 2020 16:15:43 GMT" skipped="0">
  <testcase classname="Test_Scripts.Homepage_Test" name="hoverMarketActivity" time="18.417"/>
  <testcase classname="Test_Scripts.Homepage_Test" name="acceptcookie" time="0.233"/>
  <testcase classname="Test_Scripts.Homepage_Test" name="getTitle" time="0.351"/>
  <testcase classname="Test_Scripts.Homepage_Test" name="getLogin" time="2.465"/>
</testsuite> <!-- Test_Scripts.Homepage_Test -->
