<?xml version="1.0" encoding="UTF-8"?>
<!-- Generated by org.testng.reporters.JUnitReportReporter -->
<testsuite hostname="Arpits-MacBook-Air-3.local" failures="0" tests="2" name="Test_Scripts.LoginPage_Test" time="0.216" errors="0" timestamp="21 Apr 2020 07:58:18 GMT" skipped="1">
  <testcase classname="Test_Scripts.LoginPage_Test" name="getLoginpagetitle" time="0.216"/>
  <testcase classname="Test_Scripts.LoginPage_Test" name="create_newAccount">
    <skipped/>
  </testcase> <!-- create_newAccount -->
</testsuite> <!-- Test_Scripts.LoginPage_Test -->
