<?xml version="1.0" encoding="UTF-8"?>
<!-- Generated by org.testng.reporters.JUnitReportReporter -->
<testsuite skipped="0" hostname="Arpits-MacBook-Air-3.local" name="Test_Scripts.Homepage_Test" tests="4" failures="0" timestamp="21 Apr 2020 09:52:46 GMT" time="59.269" errors="0">
  <testcase name="hoverMarketActivity" time="53.224" classname="Test_Scripts.Homepage_Test"/>
  <testcase name="getTitle" time="0.009" classname="Test_Scripts.Homepage_Test"/>
  <testcase name="acceptcookie" time="0.741" classname="Test_Scripts.Homepage_Test"/>
  <testcase name="getLogin" time="5.295" classname="Test_Scripts.Homepage_Test"/>
</testsuite> <!-- Test_Scripts.Homepage_Test -->
