<?xml version="1.0" encoding="UTF-8"?>
<!-- Generated by org.testng.reporters.JUnitReportReporter -->
<testsuite skipped="1" hostname="Arpits-MacBook-Air-3.local" name="Test_Scripts.LoginPage_Test" tests="2" failures="0" timestamp="21 Apr 2020 09:52:46 GMT" time="0.058" errors="0">
  <testcase name="getLoginpagetitle" time="0.058" classname="Test_Scripts.LoginPage_Test"/>
  <testcase name="create_newAccount" classname="Test_Scripts.LoginPage_Test">
    <skipped/>
  </testcase> <!-- create_newAccount -->
</testsuite> <!-- Test_Scripts.LoginPage_Test -->
